<?xml version="1.0" encoding="UTF-8"?>
<!-- Generated by org.testng.reporters.JUnitXMLReporter -->
<testsuite ignored="16" hostname="IN-HKTHST2" failures="0" tests="5" name="Test" time="32.627" errors="0" timestamp="2024-05-10T16:17:30 IST">
  <testcase classname="genericlib.TestScript05" name="integration" time="0.297"/>
  <testcase classname="genericlib.TestScript02" name="Books" time="1.185"/>
  <testcase classname="genericlib.TestScript03" name="electronics" time="1.666"/>
  <testcase classname="genericlib.TestScript04" name="Jewellery" time="1.2"/>
  <testcase classname="genericlib.TestScript01" name="computers" time="0.916"/>
  <testcase classname="genericlib.BaseClass" name="@BeforeSuite dbconnection" time="0.0">
    <ignored/>
  </testcase> <!-- @BeforeSuite dbconnection -->
  <testcase classname="genericlib.BaseClass" name="@AfterTest postcondition" time="0.0">
    <ignored/>
  </testcase> <!-- @AfterTest postcondition -->
  <testcase classname="genericlib.BaseClass" name="@AfterTest postcondition" time="0.0">
    <ignored/>
  </testcase> <!-- @AfterTest postcondition -->
  <testcase classname="genericlib.BaseClass" name="@BeforeTest precondition" time="0.0">
    <ignored/>
  </testcase> <!-- @BeforeTest precondition -->
  <testcase classname="genericlib.BaseClass" name="@AfterSuite closedb" time="0.0">
    <ignored/>
  </testcase> <!-- @AfterSuite closedb -->
  <testcase classname="genericlib.BaseClass" name="@AfterSuite closedb" time="0.0">
    <ignored/>
  </testcase> <!-- @AfterSuite closedb -->
  <testcase classname="genericlib.BaseClass" name="@BeforeTest precondition" time="0.0">
    <ignored/>
  </testcase> <!-- @BeforeTest precondition -->
  <testcase classname="genericlib.BaseClass" name="@AfterTest postcondition" time="0.0">
    <ignored/>
  </testcase> <!-- @AfterTest postcondition -->
  <testcase classname="genericlib.BaseClass" name="@BeforeSuite dbconnection" time="0.0">
    <ignored/>
  </testcase> <!-- @BeforeSuite dbconnection -->
  <testcase classname="genericlib.BaseClass" name="@BeforeSuite dbconnection" time="0.0">
    <ignored/>
  </testcase> <!-- @BeforeSuite dbconnection -->
  <testcase classname="genericlib.BaseClass" name="@AfterTest postcondition" time="0.0">
    <ignored/>
  </testcase> <!-- @AfterTest postcondition -->
  <testcase classname="genericlib.BaseClass" name="@AfterSuite closedb" time="0.0">
    <ignored/>
  </testcase> <!-- @AfterSuite closedb -->
  <testcase classname="genericlib.BaseClass" name="@AfterSuite closedb" time="0.0">
    <ignored/>
  </testcase> <!-- @AfterSuite closedb -->
  <testcase classname="genericlib.BaseClass" name="@BeforeTest precondition" time="0.0">
    <ignored/>
  </testcase> <!-- @BeforeTest precondition -->
  <testcase classname="genericlib.BaseClass" name="@BeforeSuite dbconnection" time="0.0">
    <ignored/>
  </testcase> <!-- @BeforeSuite dbconnection -->
  <testcase classname="genericlib.BaseClass" name="@BeforeTest precondition" time="0.0">
    <ignored/>
  </testcase> <!-- @BeforeTest precondition -->
</testsuite> <!-- Test -->
