<?xml version="1.0" encoding="UTF-8"?>
<testng-results ignored="0" total="1" passed="1" failed="0" skipped="0">
  <reporter-output>
  </reporter-output>
  <suite started-at="2024-05-17T16:56:49 IST" name="Default suite" finished-at="2024-05-17T16:56:59 IST" duration-ms="10664">
    <groups>
    </groups>
    <test started-at="2024-05-17T16:56:49 IST" name="Default test" finished-at="2024-05-17T16:56:59 IST" duration-ms="10664">
      <class name="genericlib.LearningUtilityMethod">
        <test-method signature="script()[pri:0, instance:genericlib.LearningUtilityMethod@4681c175]" started-at="2024-05-17T16:56:49 IST" name="script" finished-at="2024-05-17T16:56:59 IST" duration-ms="10572" status="PASS">
          <reporter-output>
          </reporter-output>
        </test-method> <!-- script -->
      </class> <!-- genericlib.LearningUtilityMethod -->
    </test> <!-- Default test -->
  </suite> <!-- Default suite -->
</testng-results>
